<?xml version="1.0" encoding="utf-8"?><testsuites name="pytest tests"><testsuite name="pytest" errors="0" failures="0" skipped="0" tests="11" time="2.794" timestamp="2026-02-13T17:59:23.886104+00:00" hostname="agent-env-4f12811b-56b3-431b-a102-7cc9aae0fe2f"><testcase classname="tests.test_auth_flow.TestHealthAndSetup" name="test_health_endpoint" time="0.189" /><testcase classname="tests.test_auth_flow.TestEmailRegistration" name="test_register_new_user" time="0.149" /><testcase classname="tests.test_auth_flow.TestEmailRegistration" name="test_register_duplicate_email" time="0.374" /><testcase classname="tests.test_auth_flow.TestEmailLogin" name="test_login_valid_credentials" time="0.133" /><testcase classname="tests.test_auth_flow.TestEmailLogin" name="test_login_invalid_password" time="0.129" /><testcase classname="tests.test_auth_flow.TestEmailLogin" name="test_login_nonexistent_user" time="0.117" /><testcase classname="tests.test_auth_flow.TestSessionManagement" name="test_get_current_user_valid_token" time="0.342" /><testcase classname="tests.test_auth_flow.TestSessionManagement" name="test_get_current_user_invalid_token" time="0.132" /><testcase classname="tests.test_auth_flow.TestSessionManagement" name="test_get_current_user_no_token" time="0.207" /><testcase classname="tests.test_auth_flow.TestLogout" name="test_logout_clears_session" time="0.651" /><testcase classname="tests.test_auth_flow.TestGoogleOAuthSession" name="test_google_session_invalid_session_id" time="0.255" /></testsuite></testsuites>