<?xml version="1.0" encoding="utf-8"?><testsuites name="pytest tests"><testsuite name="pytest" errors="0" failures="0" skipped="0" tests="18" time="5.309" timestamp="2026-02-13T17:11:09.664575+00:00" hostname="agent-env-af1ca30e-f772-4f26-88a7-8c2fe810fac6"><testcase classname="tests.test_eka_api.TestHealthEndpoint" name="test_health_check_status" time="0.298" /><testcase classname="tests.test_eka_api.TestJobCardsStats" name="test_stats_endpoint_returns_200" time="0.125" /><testcase classname="tests.test_eka_api.TestJobCardsStats" name="test_stats_has_correct_structure" time="0.142" /><testcase classname="tests.test_eka_api.TestJobCardsStats" name="test_stats_values_are_numeric" time="0.173" /><testcase classname="tests.test_eka_api.TestJobCardsStats" name="test_stats_active_calculation" time="0.186" /><testcase classname="tests.test_eka_api.TestJobCardsStats" name="test_stats_by_status_structure" time="0.302" /><testcase classname="tests.test_eka_api.TestJobCardsCRUD" name="test_get_all_job_cards" time="0.114" /><testcase classname="tests.test_eka_api.TestJobCardsCRUD" name="test_job_cards_response_format" time="0.200" /><testcase classname="tests.test_eka_api.TestJobCardsCRUD" name="test_create_job_card" time="0.110" /><testcase classname="tests.test_eka_api.TestJobCardsCRUD" name="test_get_job_card_by_id" time="0.621" /><testcase classname="tests.test_eka_api.TestJobCardsCRUD" name="test_update_job_card" time="0.650" /><testcase classname="tests.test_eka_api.TestJobCardsCRUD" name="test_delete_job_card" time="0.688" /><testcase classname="tests.test_eka_api.TestJobCardsCRUD" name="test_job_card_transition" time="0.427" /><testcase classname="tests.test_eka_api.TestDashboardMetrics" name="test_dashboard_metrics_status" time="0.166" /><testcase classname="tests.test_eka_api.TestDashboardMetrics" name="test_dashboard_metrics_structure" time="0.160" /><testcase classname="tests.test_eka_api.TestInvoicesAPI" name="test_get_invoices" time="0.139" /><testcase classname="tests.test_eka_api.TestInvoicesAPI" name="test_create_invoice" time="0.119" /><testcase classname="tests.test_eka_api.TestMGFleetAPI" name="test_get_mg_contracts" time="0.569" /></testsuite></testsuites>