<?xml version="1.0" encoding="utf-8"?><testsuites name="pytest tests"><testsuite name="pytest" errors="0" failures="0" skipped="0" tests="39" time="12.296" timestamp="2026-02-13T17:40:19.614266+00:00" hostname="agent-env-af1ca30e-f772-4f26-88a7-8c2fe810fac6"><testcase classname="tests.test_new_features.TestChatSessions" name="test_create_chat_session" time="0.149" /><testcase classname="tests.test_new_features.TestChatSessions" name="test_create_session_with_default_title" time="0.212" /><testcase classname="tests.test_new_features.TestChatSessions" name="test_list_chat_sessions" time="0.162" /><testcase classname="tests.test_new_features.TestChatSessions" name="test_get_single_session" time="0.264" /><testcase classname="tests.test_new_features.TestChatSessions" name="test_add_message_to_session" time="0.568" /><testcase classname="tests.test_new_features.TestChatSessions" name="test_add_message_updates_session_title" time="0.536" /><testcase classname="tests.test_new_features.TestChatSessions" name="test_delete_chat_session" time="0.888" /><testcase classname="tests.test_new_features.TestChatSessions" name="test_add_message_to_nonexistent_session_fails" time="0.857" /><testcase classname="tests.test_new_features.TestPDFGeneration" name="test_generate_pdf_for_invoice" time="0.370" /><testcase classname="tests.test_new_features.TestPDFGeneration" name="test_pdf_contains_invoice_details" time="0.311" /><testcase classname="tests.test_new_features.TestPDFGeneration" name="test_pdf_for_nonexistent_invoice_fails" time="0.119" /><testcase classname="tests.test_new_features.TestPDFGeneration" name="test_pdf_for_invalid_id_fails" time="0.158" /><testcase classname="tests.test_new_features.TestFileUpload" name="test_upload_text_file" time="0.133" /><testcase classname="tests.test_new_features.TestFileUpload" name="test_upload_image_file" time="0.140" /><testcase classname="tests.test_new_features.TestFileUpload" name="test_upload_with_job_card_id" time="0.115" /><testcase classname="tests.test_new_features.TestFileUpload" name="test_list_files" time="0.109" /><testcase classname="tests.test_new_features.TestFileUpload" name="test_list_files_with_filter" time="0.161" /><testcase classname="tests.test_new_features.TestFileUpload" name="test_download_file" time="0.382" /><testcase classname="tests.test_new_features.TestFileUpload" name="test_delete_file" time="0.448" /><testcase classname="tests.test_new_features.TestFileUpload" name="test_upload_disallowed_extension_fails" time="0.148" /><testcase classname="tests.test_new_features.TestFileUpload" name="test_download_nonexistent_file_fails" time="0.848" /><testcase classname="tests.test_eka_api.TestHealthEndpoint" name="test_health_check_status" time="0.119" /><testcase classname="tests.test_eka_api.TestJobCardsStats" name="test_stats_endpoint_returns_200" time="0.252" /><testcase classname="tests.test_eka_api.TestJobCardsStats" name="test_stats_has_correct_structure" time="0.234" /><testcase classname="tests.test_eka_api.TestJobCardsStats" name="test_stats_values_are_numeric" time="0.156" /><testcase classname="tests.test_eka_api.TestJobCardsStats" name="test_stats_active_calculation" time="0.175" /><testcase classname="tests.test_eka_api.TestJobCardsStats" name="test_stats_by_status_structure" time="0.200" /><testcase classname="tests.test_eka_api.TestJobCardsCRUD" name="test_get_all_job_cards" time="0.132" /><testcase classname="tests.test_eka_api.TestJobCardsCRUD" name="test_job_cards_response_format" time="0.142" /><testcase classname="tests.test_eka_api.TestJobCardsCRUD" name="test_create_job_card" time="0.108" /><testcase classname="tests.test_eka_api.TestJobCardsCRUD" name="test_get_job_card_by_id" time="0.404" /><testcase classname="tests.test_eka_api.TestJobCardsCRUD" name="test_update_job_card" time="0.654" /><testcase classname="tests.test_eka_api.TestJobCardsCRUD" name="test_delete_job_card" time="0.660" /><testcase classname="tests.test_eka_api.TestJobCardsCRUD" name="test_job_card_transition" time="0.405" /><testcase classname="tests.test_eka_api.TestDashboardMetrics" name="test_dashboard_metrics_status" time="0.308" /><testcase classname="tests.test_eka_api.TestDashboardMetrics" name="test_dashboard_metrics_structure" time="0.143" /><testcase classname="tests.test_eka_api.TestInvoicesAPI" name="test_get_invoices" time="0.168" /><testcase classname="tests.test_eka_api.TestInvoicesAPI" name="test_create_invoice" time="0.128" /><testcase classname="tests.test_eka_api.TestMGFleetAPI" name="test_get_mg_contracts" time="0.755" /></testsuite></testsuites>