<?xml version="1.0" encoding="utf-8"?><testsuites name="pytest tests"><testsuite name="pytest" errors="0" failures="0" skipped="0" tests="24" time="11.601" timestamp="2026-02-13T19:48:58.414395+00:00" hostname="agent-env-096c80e0-e0a5-4f15-8a73-4d0c6b0f50a3"><testcase classname="backend.tests.test_refactored_backend.TestHealthEndpoint" name="test_health_returns_200" time="0.316" /><testcase classname="backend.tests.test_refactored_backend.TestAuthLogin" name="test_login_valid_credentials" time="0.161" /><testcase classname="backend.tests.test_refactored_backend.TestAuthLogin" name="test_login_invalid_password" time="0.135" /><testcase classname="backend.tests.test_refactored_backend.TestAuthLogin" name="test_login_nonexistent_user" time="0.135" /><testcase classname="backend.tests.test_refactored_backend.TestAuthRegister" name="test_register_new_user" time="0.390" /><testcase classname="backend.tests.test_refactored_backend.TestAuthRegister" name="test_register_duplicate_email" time="0.571" /><testcase classname="backend.tests.test_refactored_backend.TestAuthMe" name="test_get_current_user_valid_token" time="0.374" /><testcase classname="backend.tests.test_refactored_backend.TestAuthMe" name="test_get_current_user_invalid_token" time="0.138" /><testcase classname="backend.tests.test_refactored_backend.TestAuthMe" name="test_get_current_user_no_token" time="0.106" /><testcase classname="backend.tests.test_refactored_backend.TestAuthLogout" name="test_logout_invalidates_session" time="1.095" /><testcase classname="backend.tests.test_refactored_backend.TestJobCardsStats" name="test_stats_returns_200" time="0.189" /><testcase classname="backend.tests.test_refactored_backend.TestJobCardsStats" name="test_stats_structure" time="0.169" /><testcase classname="backend.tests.test_refactored_backend.TestJobCardsCRUD" name="test_get_all_job_cards" time="0.126" /><testcase classname="backend.tests.test_refactored_backend.TestJobCardsCRUD" name="test_create_job_card" time="0.493" /><testcase classname="backend.tests.test_refactored_backend.TestJobCardsCRUD" name="test_get_job_card_by_id" time="0.435" /><testcase classname="backend.tests.test_refactored_backend.TestJobCardsCRUD" name="test_update_job_card" time="0.739" /><testcase classname="backend.tests.test_refactored_backend.TestJobCardsCRUD" name="test_delete_job_card" time="0.627" /><testcase classname="backend.tests.test_refactored_backend.TestChatSessions" name="test_get_chat_sessions" time="0.147" /><testcase classname="backend.tests.test_refactored_backend.TestChatSessions" name="test_create_chat_session" time="0.325" /><testcase classname="backend.tests.test_refactored_backend.TestChatSessions" name="test_post_chat_message" time="4.073" /><testcase classname="backend.tests.test_refactored_backend.TestInvoices" name="test_get_invoices" time="0.150" /><testcase classname="backend.tests.test_refactored_backend.TestInvoices" name="test_create_invoice" time="0.148" /><testcase classname="backend.tests.test_refactored_backend.TestMGFleet" name="test_get_mg_contracts" time="0.138" /><testcase classname="backend.tests.test_refactored_backend.TestDashboardMetrics" name="test_dashboard_metrics" time="0.277" /></testsuite></testsuites>