<?xml version="1.0" encoding="utf-8"?><testsuites name="pytest tests"><testsuite name="pytest" errors="0" failures="0" skipped="0" tests="13" time="2.603" timestamp="2026-02-14T04:12:49.399533+00:00" hostname="agent-env-bfc0ce56-ee48-47dc-8f42-8e406d5de3d9"><testcase classname="tests.test_login_auth.TestHealthCheck" name="test_health_endpoint" time="0.284" /><testcase classname="tests.test_login_auth.TestAuthLogin" name="test_login_with_valid_credentials" time="0.102" /><testcase classname="tests.test_login_auth.TestAuthLogin" name="test_login_with_invalid_password" time="0.167" /><testcase classname="tests.test_login_auth.TestAuthLogin" name="test_login_with_nonexistent_user" time="0.109" /><testcase classname="tests.test_login_auth.TestAuthLogin" name="test_login_with_missing_email" time="0.170" /><testcase classname="tests.test_login_auth.TestAuthLogin" name="test_login_with_missing_password" time="0.133" /><testcase classname="tests.test_login_auth.TestAuthMe" name="test_get_me_with_valid_token" time="0.216" /><testcase classname="tests.test_login_auth.TestAuthMe" name="test_get_me_without_token" time="0.097" /><testcase classname="tests.test_login_auth.TestAuthMe" name="test_get_me_with_invalid_token" time="0.119" /><testcase classname="tests.test_login_auth.TestAuthRegister" name="test_register_new_user" time="0.335" /><testcase classname="tests.test_login_auth.TestAuthRegister" name="test_register_duplicate_email" time="0.114" /><testcase classname="tests.test_login_auth.TestAuthLogout" name="test_logout_with_token" time="0.266" /><testcase classname="tests.test_login_auth.TestAuthLogout" name="test_token_invalid_after_logout" time="0.424" /></testsuite></testsuites>