<?xml version="1.0" encoding="utf-8"?><testsuites name="pytest tests"><testsuite name="pytest" errors="0" failures="0" skipped="0" tests="16" time="4.530" timestamp="2026-02-13T22:04:44.165877+00:00" hostname="agent-env-610f9970-9033-4d39-bb51-1d713773bd60"><testcase classname="backend.tests.test_job_card_detail.TestJobCardDetailAPI" name="test_get_job_card_detail_success" time="0.253" /><testcase classname="backend.tests.test_job_card_detail.TestJobCardDetailAPI" name="test_get_job_card_detail_vehicle_info" time="0.172" /><testcase classname="backend.tests.test_job_card_detail.TestJobCardDetailAPI" name="test_get_job_card_detail_customer_info" time="0.155" /><testcase classname="backend.tests.test_job_card_detail.TestJobCardDetailAPI" name="test_get_job_card_detail_payment_structure" time="0.143" /><testcase classname="backend.tests.test_job_card_detail.TestJobCardDetailAPI" name="test_get_job_card_detail_invalid_id" time="0.146" /><testcase classname="backend.tests.test_job_card_detail.TestJobCardDetailAPI" name="test_get_job_card_detail_not_found" time="0.149" /><testcase classname="backend.tests.test_job_card_detail.TestJobCardInsightsAPI" name="test_get_insights_success" time="0.182" /><testcase classname="backend.tests.test_job_card_detail.TestJobCardInsightsAPI" name="test_insights_structure" time="0.131" /><testcase classname="backend.tests.test_job_card_detail.TestJobCardInsightsAPI" name="test_health_score_structure" time="0.144" /><testcase classname="backend.tests.test_job_card_detail.TestJobCardNotesAPI" name="test_add_note_success" time="0.128" /><testcase classname="backend.tests.test_job_card_detail.TestJobCardNotesAPI" name="test_add_note_empty_text" time="0.212" /><testcase classname="backend.tests.test_job_card_detail.TestJobCardNotesAPI" name="test_get_notes" time="0.222" /><testcase classname="backend.tests.test_job_card_detail.TestJobCardSignatureAPI" name="test_save_signature_success" time="0.206" /><testcase classname="backend.tests.test_job_card_detail.TestJobCardSignatureAPI" name="test_save_signature_without_job_card_id_in_body" time="1.495" /><testcase classname="backend.tests.test_job_card_detail.TestJobCardSignatureAPI" name="test_save_signature_otp_verified" time="0.163" /><testcase classname="backend.tests.test_job_card_detail.TestJobCardTimelineAPI" name="test_get_timeline" time="0.486" /></testsuite></testsuites>