<?xml version="1.0" encoding="utf-8"?><testsuites name="pytest tests"><testsuite name="pytest" errors="0" failures="2" skipped="0" tests="15" time="3.283" timestamp="2026-02-13T22:20:20.625199+00:00" hostname="agent-env-610f9970-9033-4d39-bb51-1d713773bd60"><testcase classname="tests.test_p1_p2_features.TestDigitalSignature" name="test_save_signature_success" time="0.254" /><testcase classname="tests.test_p1_p2_features.TestDigitalSignature" name="test_save_signature_with_otp_verification" time="0.147" /><testcase classname="tests.test_p1_p2_features.TestDigitalSignature" name="test_save_signature_invalid_job_card" time="0.173" /><testcase classname="tests.test_p1_p2_features.TestDigitalSignature" name="test_save_signature_nonexistent_job_card" time="0.127" /><testcase classname="tests.test_p1_p2_features.TestDigitalSignature" name="test_verify_signature_persisted" time="0.173" /><testcase classname="tests.test_p1_p2_features.TestPhotoUpload" name="test_upload_photo_success" time="0.132" /><testcase classname="tests.test_p1_p2_features.TestPhotoUpload" name="test_upload_photo_without_job_card_id" time="0.129" /><testcase classname="tests.test_p1_p2_features.TestPhotoUpload" name="test_upload_invalid_file_type" time="0.235" /><testcase classname="tests.test_p1_p2_features.TestPhotoUpload" name="test_list_files_for_job_card" time="0.145" /><testcase classname="tests.test_p1_p2_features.TestPhotoUpload" name="test_get_uploaded_file" time="0.259" /><testcase classname="tests.test_p1_p2_features.TestEmailInvoice" name="test_email_status_endpoint" time="0.262" /><testcase classname="tests.test_p1_p2_features.TestEmailInvoice" name="test_email_invoice_without_api_key" time="0.255"><failure message="AssertionError: Failed to create invoice: {&quot;detail&quot;:[{&quot;type&quot;:&quot;missing&quot;,&quot;loc&quot;:[&quot;body&quot;,&quot;amount&quot;],&quot;msg&quot;:&quot;Field required&quot;,&quot;input&quot;:{&quot;customer_name&quot;:&quot;Test Customer&quot;,&quot;customer_phone&quot;:&quot;+919876543210&quot;,&quot;job_card_id&quot;:&quot;698f9f0ac18c7ff6345f7a7e&quot;,&quot;items&quot;:[{&quot;description&quot;:&quot;Test Service&quot;,&quot;quantity&quot;:1,&quot;unit_price&quot;:1000,&quot;gst_rate&quot;:18,&quot;hsn_sac_code&quot;:&quot;998711&quot;,&quot;total_amount&quot;:1180}],&quot;total_taxable_value&quot;:1000,&quot;cgst&quot;:90,&quot;sgst&quot;:90,&quot;igst&quot;:0,&quot;total_amount&quot;:1180,&quot;status&quot;:&quot;Draft&quot;},&quot;url&quot;:&quot;https://errors.pydantic.dev/2.12/v/missing&quot;}]}&#10;assert 422 == 201&#10; +  where 422 = &lt;Response [422]&gt;.status_code">tests/test_p1_p2_features.py:311: in test_email_invoice_without_api_key
    assert create_response.status_code == 201, f"Failed to create invoice: {create_response.text}"
E   AssertionError: Failed to create invoice: {"detail":[{"type":"missing","loc":["body","amount"],"msg":"Field required","input":{"customer_name":"Test Customer","customer_phone":"+919876543210","job_card_id":"698f9f0ac18c7ff6345f7a7e","items":[{"description":"Test Service","quantity":1,"unit_price":1000,"gst_rate":18,"hsn_sac_code":"998711","total_amount":1180}],"total_taxable_value":1000,"cgst":90,"sgst":90,"igst":0,"total_amount":1180,"status":"Draft"},"url":"https://errors.pydantic.dev/2.12/v/missing"}]}
E   assert 422 == 201
E    +  where 422 = &lt;Response [422]&gt;.status_code</failure></testcase><testcase classname="tests.test_p1_p2_features.TestEmailInvoice" name="test_email_invoice_invalid_id" time="0.157"><failure message="assert 520 in [400, 503]&#10; +  where 520 = &lt;Response [520]&gt;.status_code">tests/test_p1_p2_features.py:344: in test_email_invoice_invalid_id
    assert response.status_code in [400, 503]
E   assert 520 in [400, 503]
E    +  where 520 = &lt;Response [520]&gt;.status_code</failure></testcase><testcase classname="tests.test_p1_p2_features.TestJobCardDetailIntegration" name="test_job_card_detail_includes_signature" time="0.211" /><testcase classname="tests.test_p1_p2_features.TestJobCardDetailIntegration" name="test_job_card_detail_includes_photos" time="0.516" /></testsuite></testsuites>