<?xml version="1.0" encoding="utf-8"?><testsuites name="pytest tests"><testsuite name="pytest" errors="0" failures="0" skipped="0" tests="15" time="3.095" timestamp="2026-02-13T22:21:07.290909+00:00" hostname="agent-env-610f9970-9033-4d39-bb51-1d713773bd60"><testcase classname="tests.test_p1_p2_features.TestDigitalSignature" name="test_save_signature_success" time="0.162" /><testcase classname="tests.test_p1_p2_features.TestDigitalSignature" name="test_save_signature_with_otp_verification" time="0.172" /><testcase classname="tests.test_p1_p2_features.TestDigitalSignature" name="test_save_signature_invalid_job_card" time="0.129" /><testcase classname="tests.test_p1_p2_features.TestDigitalSignature" name="test_save_signature_nonexistent_job_card" time="0.128" /><testcase classname="tests.test_p1_p2_features.TestDigitalSignature" name="test_verify_signature_persisted" time="0.211" /><testcase classname="tests.test_p1_p2_features.TestPhotoUpload" name="test_upload_photo_success" time="0.150" /><testcase classname="tests.test_p1_p2_features.TestPhotoUpload" name="test_upload_photo_without_job_card_id" time="0.177" /><testcase classname="tests.test_p1_p2_features.TestPhotoUpload" name="test_upload_invalid_file_type" time="0.163" /><testcase classname="tests.test_p1_p2_features.TestPhotoUpload" name="test_list_files_for_job_card" time="0.136" /><testcase classname="tests.test_p1_p2_features.TestPhotoUpload" name="test_get_uploaded_file" time="0.244" /><testcase classname="tests.test_p1_p2_features.TestEmailInvoice" name="test_email_status_endpoint" time="0.119" /><testcase classname="tests.test_p1_p2_features.TestEmailInvoice" name="test_email_invoice_without_api_key" time="0.638" /><testcase classname="tests.test_p1_p2_features.TestEmailInvoice" name="test_email_invoice_invalid_id" time="0.188" /><testcase classname="tests.test_p1_p2_features.TestJobCardDetailIntegration" name="test_job_card_detail_includes_signature" time="0.245" /><testcase classname="tests.test_p1_p2_features.TestJobCardDetailIntegration" name="test_job_card_detail_includes_photos" time="0.159" /></testsuite></testsuites>