<?xml version="1.0" encoding="utf-8"?><testsuites name="pytest tests"><testsuite name="pytest" errors="0" failures="0" skipped="0" tests="15" time="6.106" timestamp="2026-02-13T20:04:27.512670+00:00" hostname="agent-env-096c80e0-e0a5-4f15-8a73-4d0c6b0f50a3"><testcase classname="backend.tests.test_notifications_voice.TestNotificationStatus" name="test_notification_status_returns_mocked" time="0.268" /><testcase classname="backend.tests.test_notifications_voice.TestNotificationSend" name="test_send_notification_mocked" time="0.156" /><testcase classname="backend.tests.test_notifications_voice.TestNotificationSend" name="test_send_notification_all_types" time="1.041" /><testcase classname="backend.tests.test_notifications_voice.TestNotificationTest" name="test_send_test_notification" time="0.117" /><testcase classname="backend.tests.test_notifications_voice.TestNotificationJobCardUpdate" name="test_job_card_update_notification_with_phone" time="0.766" /><testcase classname="backend.tests.test_notifications_voice.TestNotificationJobCardUpdate" name="test_job_card_update_notification_without_phone" time="0.455" /><testcase classname="backend.tests.test_notifications_voice.TestNotificationJobCardUpdate" name="test_job_card_update_notification_invalid_id" time="0.216" /><testcase classname="backend.tests.test_notifications_voice.TestJobCardTransitionWithNotification" name="test_transition_triggers_notification" time="0.455" /><testcase classname="backend.tests.test_notifications_voice.TestJobCardTransitionWithNotification" name="test_transition_can_skip_notification" time="1.649" /><testcase classname="backend.tests.test_notifications_voice.TestNotificationHistory" name="test_get_notification_history" time="0.143" /><testcase classname="backend.tests.test_notifications_voice.TestNotificationHistory" name="test_notification_history_with_limit" time="0.125" /><testcase classname="backend.tests.test_notifications_voice.TestNotificationHistory" name="test_notification_history_filter_by_phone" time="0.100" /><testcase classname="backend.tests.test_notifications_voice.TestVoiceStatus" name="test_voice_status_enabled" time="0.285" /><testcase classname="backend.tests.test_notifications_voice.TestVoiceSupportedLanguages" name="test_supported_languages" time="0.120" /><testcase classname="backend.tests.test_notifications_voice.TestLoginStillWorks" name="test_login_with_valid_credentials" time="0.127" /></testsuite></testsuites>